2022-09-04T12:26:33.112Z [my-bank-api] info: API criada e rodando na porta 3000
2022-09-04T12:27:05.184Z [my-bank-api] error: ENOENT: no such file or directory, open 'accounts.json'
2022-09-04T12:27:11.744Z [my-bank-api] error: ENOENT: no such file or directory, open 'accounts.json'
2022-09-04T12:27:29.016Z [my-bank-api] info: API criada e rodando na porta 3000
2022-09-04T12:32:28.509Z [my-bank-api] info: API rodando na porta 3000
2022-09-04T12:32:58.842Z [my-bank-api] info: API rodando na porta 3000
2022-09-04T12:33:45.849Z [my-bank-api] info: API rodando na porta 3000
2022-09-04T12:34:40.475Z [my-bank-api] info: API rodando na porta 3000
2022-09-04T12:35:11.733Z [my-bank-api] info: API rodando na porta 3000
2022-09-04T12:35:41.320Z [my-bank-api] info: API rodando na porta 3000
2022-09-04T12:36:00.201Z [my-bank-api] info: API rodando na porta 3000
2022-09-04T12:36:37.679Z [my-bank-api] info: API rodando na porta 3000
2022-09-04T12:37:38.767Z [my-bank-api] info: POST / account - {"nextId":3,"accounts":[{"id":2,"name":"Juliana","balance":200}]}
2022-09-04T12:37:47.309Z [my-bank-api] info: POST / account - {"nextId":4,"accounts":[{"id":2,"name":"Juliana","balance":200},{"id":3,"name":"Milena","balance":200}]}
2022-09-04T12:37:56.565Z [my-bank-api] info: POST / account - {"nextId":5,"accounts":[{"id":2,"name":"Juliana","balance":200},{"id":3,"name":"Milena","balance":200},{"id":4,"name":"Maria","balance":200}]}
2022-09-04T12:39:23.724Z [my-bank-api] info: API rodando na porta 3000
2022-09-04T12:39:27.693Z [my-bank-api] info: GET / account
2022-09-04T12:39:51.738Z [my-bank-api] info: API rodando na porta 3000
2022-09-04T12:40:05.404Z [my-bank-api] info: API rodando na porta 3000
2022-09-04T12:40:19.399Z [my-bank-api] info: GET / account
2022-09-04T12:40:27.276Z [my-bank-api] info: POST / account - {"nextId":6,"accounts":[{"id":2,"name":"Juliana","balance":200},{"id":3,"name":"Milena","balance":200},{"id":4,"name":"Maria","balance":200},{"id":5,"name":"Maria","balance":200}]}
2022-09-04T12:41:14.124Z [my-bank-api] info: PUT / account - {"id":"4","name":"Maria","balance":250}
2022-09-04T12:41:20.921Z [my-bank-api] info: GET / account
2022-09-04T12:41:35.844Z [my-bank-api] info: PUT / account - {"id":"4","name":"Maria","balance":250}
2022-09-04T12:41:51.648Z [my-bank-api] info: GET / account
2022-09-04T12:43:54.639Z [my-bank-api] info: PUT / account - {"id":"4","name":"Maria","balance":250}
2022-09-04T12:45:54.360Z [my-bank-api] info: API rodando na porta 3000
2022-09-04T12:46:03.400Z [my-bank-api] info: PUT / account - {"id":"4","name":"Maria","balance":250}
2022-09-04T12:46:07.749Z [my-bank-api] info: GET / account
2022-09-04T12:47:11.121Z [my-bank-api] info: GET / account
2022-09-04T12:47:19.134Z [my-bank-api] info: PUT / account - {"id":"4","name":"Maria","balance":250}
2022-09-04T12:47:28.481Z [my-bank-api] info: GET / account
2022-09-04T12:47:52.816Z [my-bank-api] info: PUT / account - {"id":4,"name":"Maria","balance":250}
2022-09-04T12:47:57.892Z [my-bank-api] info: GET / account
2022-09-04T12:48:28.136Z [my-bank-api] info: DELETE / account/:id - 4
2022-09-04T12:48:32.858Z [my-bank-api] info: GET / account/:id
2022-09-04T12:48:38.728Z [my-bank-api] info: GET / account
2022-09-04T12:48:49.387Z [my-bank-api] info: GET / account/:id
2022-09-04T12:50:47.551Z [my-bank-api] info: PATCH / account/updateBalance - {"id":3,"balance":3000}
2022-09-04T12:50:56.738Z [my-bank-api] info: PATCH / account/updateBalance - {"id":2,"balance":3000}
2022-09-04T12:51:01.596Z [my-bank-api] info: GET / account/:id
2022-09-04T12:51:08.103Z [my-bank-api] info: GET / account
2022-09-04T12:51:48.364Z [my-bank-api] info: GET / account
2022-09-04T12:51:49.766Z [my-bank-api] info: GET / account
2022-09-04T12:51:59.541Z [my-bank-api] info: API rodando na porta 3000
2022-09-04T12:52:03.442Z [my-bank-api] info: GET / account
2022-09-04T12:52:04.184Z [my-bank-api] info: GET / account
2022-09-07T12:30:36.863Z [my-bank-api] info: API rodando na porta 3000
2022-09-07T12:30:44.438Z [my-bank-api] info: GET / account
2022-09-07T12:31:28.022Z [my-bank-api] info: POST / account - {"nextId":7,"accounts":[{"id":2,"name":"Juliana","balance":3000},{"id":3,"name":"Milena","balance":3000},{"id":5,"name":"Maria","balance":200},{"id":6,"name":"Carol","balance":2000}]}
2022-09-07T12:31:50.484Z [my-bank-api] info: POST / account - {"nextId":8,"accounts":[{"id":2,"name":"Juliana","balance":3000},{"id":3,"name":"Milena","balance":3000},{"id":5,"name":"Maria","balance":200},{"id":6,"name":"Carol","balance":2000},{"id":7,"name":"José","balance":2000}]}
2022-09-07T12:33:30.333Z [my-bank-api] info: API rodando na porta 3000
2022-09-07T12:33:37.172Z [my-bank-api] info: API rodando na porta 3000
2022-09-07T12:34:14.301Z [my-bank-api] info: API rodando na porta 3000
2022-09-07T12:34:31.455Z [my-bank-api] info: API rodando na porta 3000
2022-09-07T12:34:34.055Z [my-bank-api] info: GET / account
2022-09-07T12:36:00.261Z [my-bank-api] info: API rodando na porta 3000
2022-09-07T12:36:11.953Z [my-bank-api] info: API rodando na porta 3000
2022-09-07T12:36:30.059Z [my-bank-api] info: GET / account/:id
2022-09-07T12:37:20.780Z [my-bank-api] info: API rodando na porta 3000
2022-09-07T12:37:32.735Z [my-bank-api] info: API rodando na porta 3000
2022-09-07T12:37:45.431Z [my-bank-api] info: API rodando na porta 3000
2022-09-07T12:38:00.967Z [my-bank-api] info: API rodando na porta 3000
2022-09-07T12:38:08.599Z [my-bank-api] info: DELETE / account/:id - 5
2022-09-07T12:38:13.011Z [my-bank-api] info: GET / account/:id
2022-09-07T12:38:17.933Z [my-bank-api] info: GET / account
2022-09-07T12:40:11.932Z [my-bank-api] info: API rodando na porta 3000
2022-09-07T12:40:27.654Z [my-bank-api] info: API rodando na porta 3000
2022-09-07T12:40:50.720Z [my-bank-api] info: PUT / account - {"name":"José","balance":3500}
2022-09-07T12:40:58.566Z [my-bank-api] info: GET / account
2022-09-07T12:41:23.936Z [my-bank-api] info: PUT / account - {"id":7,"name":"José","balance":3500}
2022-09-07T12:41:31.988Z [my-bank-api] info: GET / account
2022-09-07T12:42:45.757Z [my-bank-api] info: API rodando na porta 3000
2022-09-07T12:43:02.903Z [my-bank-api] info: API rodando na porta 3000
2022-09-07T12:47:18.965Z [my-bank-api] info: API rodando na porta 3000
2022-09-07T12:47:23.366Z [my-bank-api] info: PATCH / account/updateBalance - {"id":7,"balance":4000}
2022-09-07T12:47:29.009Z [my-bank-api] info: GET / account/:id
2022-09-07T12:47:33.889Z [my-bank-api] info: GET / account
2022-09-07T12:55:03.431Z [my-bank-api] info: API rodando na porta 3000
2022-09-07T12:55:08.040Z [my-bank-api] info: GET / account
2022-09-07T12:55:53.635Z [my-bank-api] info: POST / account - {"nextId":9,"accounts":[{"id":2,"name":"Juliana","balance":3000},{"id":3,"name":"Milena","balance":3000},{"id":6,"name":"Carol","balance":2000},{"id":7,"name":"José","balance":4000},{"id":8,"name":"Camila","balance":3000}]}
2022-09-07T12:56:05.992Z [my-bank-api] info: GET / account
2022-09-07T12:57:18.779Z [my-bank-api] info: API rodando na porta 3000
2022-09-07T12:57:21.883Z [my-bank-api] info: GET / account
2022-09-07T12:57:41.247Z [my-bank-api] info: POST / account - {"nextId":10,"accounts":[{"id":2,"name":"Juliana","balance":3000},{"id":3,"name":"Milena","balance":3000},{"id":6,"name":"Carol","balance":2000},{"id":7,"name":"José","balance":4000},{"id":8,"name":"Camila","balance":3000},{"id":9,"name":"Camila","balance":3000}]}
2022-09-07T12:58:27.385Z [my-bank-api] info: API rodando na porta 3000
2022-09-07T12:58:31.060Z [my-bank-api] info: POST / account - {"nextId":11,"accounts":[{"id":2,"name":"Juliana","balance":3000},{"id":3,"name":"Milena","balance":3000},{"id":6,"name":"Carol","balance":2000},{"id":7,"name":"José","balance":4000},{"id":8,"name":"Camila","balance":3000},{"id":9,"name":"Camila","balance":3000},{"id":10,"name":"Camila","balance":3000}]}
2022-09-07T12:59:21.661Z [my-bank-api] info: API rodando na porta 3000
2022-09-07T12:59:24.407Z [my-bank-api] info: POST / account - {"nextId":12,"accounts":[{"id":2,"name":"Juliana","balance":3000},{"id":3,"name":"Milena","balance":3000},{"id":6,"name":"Carol","balance":2000},{"id":7,"name":"José","balance":4000},{"id":8,"name":"Camila","balance":3000},{"id":9,"name":"Camila","balance":3000},{"id":10,"name":"Camila","balance":3000},{"id":11,"name":"Camila","balance":3000}]}
2022-09-07T12:59:48.330Z [my-bank-api] info: API rodando na porta 3000
2022-09-07T12:59:51.307Z [my-bank-api] info: POST / account - {"nextId":13,"accounts":[{"id":2,"name":"Juliana","balance":3000},{"id":3,"name":"Milena","balance":3000},{"id":6,"name":"Carol","balance":2000},{"id":7,"name":"José","balance":4000},{"id":8,"name":"Camila","balance":3000},{"id":9,"name":"Camila","balance":3000},{"id":10,"name":"Camila","balance":3000},{"id":11,"name":"Camila","balance":3000},{"id":12,"name":"Camila","balance":3000}]}
2022-09-07T12:59:59.108Z [my-bank-api] info: GET / account
2022-09-07T13:00:12.447Z [my-bank-api] info: DELETE / account/:id - 12
2022-09-07T13:00:18.425Z [my-bank-api] info: DELETE / account/:id - 11
2022-09-07T13:00:21.729Z [my-bank-api] info: DELETE / account/:id - 10
2022-09-07T13:00:25.537Z [my-bank-api] info: GET / account/:id
2022-09-07T13:00:30.095Z [my-bank-api] info: GET / account
2022-09-07T13:00:43.649Z [my-bank-api] info: DELETE / account/:id - 9
2022-09-07T13:00:50.202Z [my-bank-api] info: GET / account
2022-09-07T13:00:57.347Z [my-bank-api] info: GET / account/:id
2022-09-07T13:01:28.192Z [my-bank-api] info: PUT / account - {"id":8,"name":"Camila S.","balance":3500}
2022-09-07T13:02:41.123Z [my-bank-api] info: PATCH / account/updateBalance - {"id":7,"balance":1000}
2022-09-07T13:02:46.639Z [my-bank-api] info: GET / account/:id
2022-09-07T13:02:52.026Z [my-bank-api] info: GET / account
2022-09-07T13:03:17.428Z [my-bank-api] info: API rodando na porta 3000
2022-09-07T13:03:38.338Z [my-bank-api] info: GET / account
2022-09-07T13:03:44.108Z [my-bank-api] info: POST / account - {"nextId":14,"accounts":[{"id":2,"name":"Juliana","balance":3000},{"id":3,"name":"Milena","balance":3000},{"id":6,"name":"Carol","balance":2000},{"id":7,"name":"José","balance":1000},{"id":8,"name":"Camila S.","balance":3500},{"id":13,"name":"Kelly","balance":1000}]}
2022-09-07T13:52:03.024Z [my-bank-api] info: API rodando na porta 3000
2022-09-07T13:52:16.577Z [my-bank-api] info: API rodando na porta 3000
2022-09-07T13:52:23.046Z [my-bank-api] error: data is not defined
2022-09-07T13:53:23.665Z [my-bank-api] info: API rodando na porta 3000
2022-09-07T13:53:54.741Z [my-bank-api] info: API rodando na porta 3000
2022-09-07T13:56:11.594Z [my-bank-api] error: data is not defined
2022-09-07T13:56:18.396Z [my-bank-api] info: GET / account
2022-09-07T14:00:46.776Z [my-bank-api] info: API rodando na porta 3000
2022-09-07T14:01:30.432Z [my-bank-api] info: API rodando na porta 3000
2022-09-07T14:03:55.629Z [my-bank-api] info: API rodando na porta 3000
2022-09-07T14:05:06.294Z [my-bank-api] info: API rodando na porta 3000
2022-09-07T14:06:02.539Z [my-bank-api] info: API rodando na porta 3000
2022-09-07T14:06:12.381Z [my-bank-api] info: API rodando na porta 3000
2022-09-07T14:08:08.028Z [my-bank-api] info: API rodando na porta 3000
2022-09-07T14:08:25.298Z [my-bank-api] info: API rodando na porta 3000
2022-09-07T14:09:08.205Z [my-bank-api] info: API rodando na porta 3000
2022-09-07T14:11:25.037Z [my-bank-api] info: API rodando na porta 3000
2022-09-07T14:13:33.713Z [my-bank-api] info: API rodando na porta 3000
2022-09-07T14:15:52.793Z [my-bank-api] info: API rodando na porta 3000
2022-09-07T14:16:14.747Z [my-bank-api] info: API rodando na porta 3000
2022-09-07T14:16:48.663Z [my-bank-api] info: API rodando na porta 3000
2022-09-07T14:17:37.223Z [my-bank-api] info: API rodando na porta 3000
2022-09-07T14:21:01.701Z [my-bank-api] info: API rodando na porta 3000
2022-09-07T14:21:25.261Z [my-bank-api] info: API rodando na porta 3000
2022-09-07T14:21:38.919Z [my-bank-api] info: API rodando na porta 3000
2022-09-07T14:23:40.351Z [my-bank-api] info: API rodando na porta 3000
2022-09-07T14:23:52.802Z [my-bank-api] info: API rodando na porta 3000
2022-09-07T14:24:09.037Z [my-bank-api] info: API rodando na porta 3000
2022-09-07T14:24:24.710Z [my-bank-api] info: GET / account
2022-09-07T14:24:31.011Z [my-bank-api] info: GET / account
2022-09-07T14:24:31.924Z [my-bank-api] info: GET / account
2022-09-07T14:24:32.786Z [my-bank-api] info: GET / account
2022-09-07T14:24:33.843Z [my-bank-api] info: GET / account
2022-09-07T14:24:34.487Z [my-bank-api] info: GET / account
2022-09-07T14:24:35.227Z [my-bank-api] info: GET / account
2022-09-07T14:24:36.059Z [my-bank-api] info: GET / account
2022-09-07T14:24:36.874Z [my-bank-api] info: GET / account
2022-09-07T14:24:37.497Z [my-bank-api] info: GET / account
2022-09-07T14:24:37.672Z [my-bank-api] info: GET / account
2022-09-07T14:24:37.892Z [my-bank-api] info: GET / account
2022-09-07T14:24:38.111Z [my-bank-api] info: GET / account
2022-09-07T14:24:38.290Z [my-bank-api] info: GET / account
2022-09-07T14:24:39.366Z [my-bank-api] info: GET / account
2022-09-07T14:24:40.129Z [my-bank-api] info: GET / account
2022-09-07T14:24:45.603Z [my-bank-api] info: GET / account
2022-09-07T14:24:46.630Z [my-bank-api] info: GET / account
2022-09-07T14:24:47.419Z [my-bank-api] info: GET / account
2022-09-07T14:24:51.733Z [my-bank-api] error: data is not defined
2022-09-07T14:24:57.077Z [my-bank-api] info: GET / account
2022-09-07T14:27:42.434Z [my-bank-api] info: API rodando na porta 3000
2022-09-07T14:28:19.704Z [my-bank-api] info: API rodando na porta 3000
2022-09-07T14:28:22.599Z [my-bank-api] info: GET / account
2022-09-07T14:28:30.175Z [my-bank-api] error: account1 is not defined
2022-09-07T14:28:48.334Z [my-bank-api] info: API rodando na porta 3000
2022-09-07T14:28:54.287Z [my-bank-api] error: account is not defined
2022-09-07T14:29:18.597Z [my-bank-api] info: API rodando na porta 3000
2022-09-07T14:30:22.508Z [my-bank-api] info: API rodando na porta 3000
2022-09-07T14:30:28.464Z [my-bank-api] info: POST / account - {"id":18,"name":"Carla","balance":1000}
2022-09-07T14:30:37.444Z [my-bank-api] info: GET / account
2022-09-07T14:32:24.157Z [my-bank-api] info: API rodando na porta 3000
2022-09-07T14:32:33.835Z [my-bank-api] info: GET / account
2022-09-07T14:32:52.829Z [my-bank-api] info: DELETE / account/:id - 18
2022-09-07T14:33:00.710Z [my-bank-api] info: GET / account
2022-09-07T14:33:13.272Z [my-bank-api] info: DELETE / account/:id - 17
2022-09-07T14:33:20.677Z [my-bank-api] info: GET / account
2022-09-07T14:33:47.756Z [my-bank-api] error: Id, Name e Balance são obrigatórios.
2022-09-07T14:34:13.745Z [my-bank-api] info: GET / account
2022-09-07T14:34:27.258Z [my-bank-api] info: PUT / account - {"id":16,"name":"Carla Dourado","balance":5000}
2022-09-07T14:34:32.370Z [my-bank-api] info: GET / account
2022-09-07T14:35:14.967Z [my-bank-api] error: Id e Balance são obrigatórios.
2022-09-07T14:35:35.621Z [my-bank-api] info: PATCH / account/updateBalance - {"id":15,"balance":7000}
2022-09-07T14:35:46.176Z [my-bank-api] info: GET / account
2022-09-07T14:40:58.685Z [my-bank-api] info: API rodando na porta 3000
2022-09-07T14:43:04.575Z [my-bank-api] info: API rodando na porta 3000
2022-09-07T14:43:20.841Z [my-bank-api] info: API rodando na porta 3000
2022-09-07T14:45:05.196Z [my-bank-api] info: API rodando na porta 3000
2022-09-07T14:45:54.518Z [my-bank-api] info: API rodando na porta 3000
2022-09-07T14:47:42.522Z [my-bank-api] info: API rodando na porta 3000
2022-09-07T14:47:48.797Z [my-bank-api] info: API rodando na porta 3000
2022-09-07T14:48:08.267Z [my-bank-api] info: API rodando na porta 3000
2022-09-07T14:49:16.829Z [my-bank-api] info: API rodando na porta 3000
2022-09-07T14:50:02.931Z [my-bank-api] info: API rodando na porta 3000
2022-09-07T14:50:31.857Z [my-bank-api] info: API rodando na porta 3000
2022-09-07T14:52:53.802Z [my-bank-api] info: API rodando na porta 3000
2022-09-07T14:53:05.426Z [my-bank-api] info: API rodando na porta 3000
2022-09-07T14:53:31.122Z [my-bank-api] info: API rodando na porta 3000
2022-09-07T14:55:33.526Z [my-bank-api] info: API rodando na porta 3000
2022-09-07T14:56:18.876Z [my-bank-api] info: API rodando na porta 3000
2022-09-07T15:00:07.914Z [my-bank-api] info: API rodando na porta 3000
2022-09-07T15:01:14.428Z [my-bank-api] info: API rodando na porta 3000
2022-09-07T15:06:00.279Z [my-bank-api] info: API rodando na porta 3000
2022-09-07T15:06:17.801Z [my-bank-api] info: API rodando na porta 3000
2022-09-07T15:10:01.335Z [my-bank-api] info: API rodando na porta 3000
2022-09-07T15:10:11.606Z [my-bank-api] info: API rodando na porta 3000
2022-09-07T15:10:20.251Z [my-bank-api] info: API rodando na porta 3000
2022-09-07T15:10:30.650Z [my-bank-api] info: GET / account
2022-09-07T15:10:45.003Z [my-bank-api] error: readFile is not defined
2022-09-07T15:11:11.532Z [my-bank-api] error: readFile is not defined
2022-09-07T15:13:48.289Z [my-bank-api] info: API rodando na porta 3000
2022-09-07T15:16:33.743Z [my-bank-api] info: API rodando na porta 3000
2022-09-07T15:16:37.386Z [my-bank-api] error: readFile is not defined
2022-09-07T15:16:38.235Z [my-bank-api] error: readFile is not defined
2022-09-07T15:16:38.907Z [my-bank-api] error: readFile is not defined
2022-09-07T15:16:39.291Z [my-bank-api] error: readFile is not defined
2022-09-07T15:16:39.464Z [my-bank-api] error: readFile is not defined
2022-09-07T15:16:39.632Z [my-bank-api] error: readFile is not defined
2022-09-07T15:16:39.786Z [my-bank-api] error: readFile is not defined
2022-09-07T15:16:39.934Z [my-bank-api] error: readFile is not defined
2022-09-07T15:16:40.087Z [my-bank-api] error: readFile is not defined
2022-09-07T15:16:40.230Z [my-bank-api] error: readFile is not defined
2022-09-07T15:16:40.378Z [my-bank-api] error: readFile is not defined
2022-09-07T15:16:40.512Z [my-bank-api] error: readFile is not defined
2022-09-07T15:16:40.687Z [my-bank-api] error: readFile is not defined
2022-09-07T15:16:40.855Z [my-bank-api] error: readFile is not defined
2022-09-07T15:16:41.004Z [my-bank-api] error: readFile is not defined
2022-09-07T15:16:41.171Z [my-bank-api] error: readFile is not defined
2022-09-07T15:16:41.333Z [my-bank-api] error: readFile is not defined
2022-09-07T15:16:41.489Z [my-bank-api] error: readFile is not defined
2022-09-07T15:16:41.629Z [my-bank-api] error: readFile is not defined
2022-09-07T15:16:41.776Z [my-bank-api] error: readFile is not defined
2022-09-07T15:16:41.938Z [my-bank-api] error: readFile is not defined
2022-09-07T15:16:42.115Z [my-bank-api] error: readFile is not defined
2022-09-07T15:16:42.295Z [my-bank-api] error: readFile is not defined
2022-09-07T15:18:27.761Z [my-bank-api] info: API rodando na porta 3000
2022-09-07T15:19:50.867Z [my-bank-api] info: API rodando na porta 3000
2022-09-07T15:19:53.719Z [my-bank-api] info: API rodando na porta 3000
2022-09-07T15:20:16.536Z [my-bank-api] info: API rodando na porta 3000
2022-09-07T15:20:18.877Z [my-bank-api] error: readFile is not defined
2022-09-07T15:22:02.543Z [my-bank-api] info: API rodando na porta 3000
2022-09-07T15:22:06.334Z [my-bank-api] info: GET / account/:id
2022-09-07T15:22:08.201Z [my-bank-api] info: GET / account/:id
2022-09-07T15:22:17.119Z [my-bank-api] info: GET / account/:id
2022-09-07T15:22:42.442Z [my-bank-api] info: API rodando na porta 3000
2022-09-07T15:22:45.212Z [my-bank-api] info: GET / account/:id
2022-09-07T15:22:52.664Z [my-bank-api] info: GET / account/:id
2022-09-07T15:23:58.447Z [my-bank-api] error: Cannot read properties of undefined (reading 'name')
2022-09-07T15:25:22.425Z [my-bank-api] info: API rodando na porta 3000
2022-09-07T15:25:25.932Z [my-bank-api] error: Cannot read properties of undefined (reading 'name')
2022-09-07T15:27:09.025Z [my-bank-api] info: API rodando na porta 3000
2022-09-07T15:27:11.505Z [my-bank-api] error: Cannot read properties of undefined (reading 'name')
2022-09-07T15:27:12.570Z [my-bank-api] error: Cannot read properties of undefined (reading 'name')
2022-09-07T15:27:12.753Z [my-bank-api] error: Cannot read properties of undefined (reading 'name')
2022-09-07T19:02:51.187Z [my-bank-api] error: Cannot read properties of undefined (reading 'name')
2022-09-07T19:03:03.377Z [my-bank-api] info: GET / account
2022-09-07T19:03:12.157Z [my-bank-api] info: GET / account/:id
2022-09-07T19:03:18.633Z [my-bank-api] error: Cannot read properties of undefined (reading 'name')
2022-09-07T19:03:47.374Z [my-bank-api] info: API rodando na porta 3000
2022-09-07T19:03:49.717Z [my-bank-api] error: Cannot read properties of undefined (reading 'name')
2022-09-07T19:04:53.761Z [my-bank-api] info: API rodando na porta 3000
2022-09-07T19:05:05.301Z [my-bank-api] info: API rodando na porta 3000
2022-09-07T19:05:07.719Z [my-bank-api] error: Cannot read properties of undefined (reading 'name')
2022-09-07T19:05:54.868Z [my-bank-api] info: API rodando na porta 3000
2022-09-07T19:08:31.766Z [my-bank-api] info: API rodando na porta 3000
2022-09-07T19:08:39.924Z [my-bank-api] info: POST / account - {"id":19,"name":"Tereza","balance":7000}
2022-09-07T19:08:53.429Z [my-bank-api] info: GET / account
2022-09-07T19:09:02.328Z [my-bank-api] info: DELETE / account/:id - 19
2022-09-07T19:09:07.992Z [my-bank-api] info: GET / account/:id
2022-09-07T19:09:14.407Z [my-bank-api] info: GET / account
2022-09-07T19:09:48.086Z [my-bank-api] error: Registro não encontrado.
2022-09-07T19:09:56.419Z [my-bank-api] info: PUT / account - {"id":6,"name":"Carozinha","balance":7000}
2022-09-07T19:10:01.372Z [my-bank-api] info: GET / account
2022-09-07T19:10:44.348Z [my-bank-api] error: Registro não encontrado.
2022-09-07T19:11:28.978Z [my-bank-api] error: Registro não encontrado.
2022-09-07T19:11:55.410Z [my-bank-api] error: Registro não encontrado.
2022-09-07T19:12:03.767Z [my-bank-api] info: GET / account
2022-09-07T19:12:15.722Z [my-bank-api] info: GET / account/:id
2022-09-07T19:12:21.438Z [my-bank-api] error: Registro não encontrado.
2022-09-07T19:13:25.140Z [my-bank-api] info: API rodando na porta 3000
2022-09-07T19:13:27.773Z [my-bank-api] error: Registro não encontrado.
2022-09-07T19:13:29.149Z [my-bank-api] error: Registro não encontrado.
2022-09-07T19:13:29.741Z [my-bank-api] error: Registro não encontrado.
2022-09-07T19:13:29.906Z [my-bank-api] error: Registro não encontrado.
2022-09-07T19:13:30.049Z [my-bank-api] error: Registro não encontrado.
2022-09-07T19:13:30.192Z [my-bank-api] error: Registro não encontrado.
2022-09-07T19:13:30.373Z [my-bank-api] error: Registro não encontrado.
2022-09-07T19:13:39.963Z [my-bank-api] info: API rodando na porta 3000
2022-09-07T19:14:05.107Z [my-bank-api] info: API rodando na porta 3000
2022-09-07T19:14:07.755Z [my-bank-api] error: Registro não encontrado.
2022-09-07T19:15:21.172Z [my-bank-api] info: API rodando na porta 3000
2022-09-07T19:15:29.993Z [my-bank-api] error: Registro não encontrado.
2022-09-07T19:15:34.934Z [my-bank-api] error: Registro não encontrado.
2022-09-07T19:15:35.678Z [my-bank-api] error: Registro não encontrado.
2022-09-07T19:15:40.501Z [my-bank-api] info: API rodando na porta 3000
2022-09-07T19:15:54.932Z [my-bank-api] info: API rodando na porta 3000
2022-09-07T19:15:57.907Z [my-bank-api] error: Registro não encontrado.
2022-09-07T19:17:22.564Z [my-bank-api] error: Registro não encontrado.
2022-09-07T19:17:42.425Z [my-bank-api] error: Registro não encontrado.
2022-09-07T19:18:18.207Z [my-bank-api] info: API rodando na porta 3000
2022-09-07T19:18:34.573Z [my-bank-api] info: GET / account/:id
2022-09-07T19:18:44.675Z [my-bank-api] error: Registro não encontrado.
2022-09-07T19:20:28.145Z [my-bank-api] info: API rodando na porta 3000
2022-09-07T19:20:31.461Z [my-bank-api] error: Registro não encontrado.
2022-09-07T19:20:33.712Z [my-bank-api] error: Registro não encontrado.
2022-09-07T19:21:34.363Z [my-bank-api] info: API rodando na porta 3000
2022-09-07T19:21:37.120Z [my-bank-api] error: Cannot set properties of undefined (setting 'name')
2022-09-07T19:21:43.285Z [my-bank-api] error: Cannot set properties of undefined (setting 'name')
2022-09-07T19:21:58.278Z [my-bank-api] info: API rodando na porta 3000
2022-09-07T19:22:00.838Z [my-bank-api] error: Registro não encontrado.
2022-09-07T19:22:41.122Z [my-bank-api] info: API rodando na porta 3000
2022-09-07T19:22:43.217Z [my-bank-api] error: Registro não encontrado.
2022-09-07T19:23:54.048Z [my-bank-api] info: API rodando na porta 3000
2022-09-07T19:24:06.383Z [my-bank-api] error: Registro não encontrado.
2022-09-07T19:24:21.599Z [my-bank-api] info: API rodando na porta 3000
2022-09-07T19:24:24.172Z [my-bank-api] error: Registro não encontrado.
2022-09-07T19:25:58.979Z [my-bank-api] info: API rodando na porta 3000
2022-09-07T19:26:01.318Z [my-bank-api] error: Registro não encontrado.
2022-09-07T19:26:58.108Z [my-bank-api] info: API rodando na porta 3000
2022-09-07T19:27:00.551Z [my-bank-api] error: Registro não encontrado.
2022-09-07T19:27:38.480Z [my-bank-api] info: API rodando na porta 3000
2022-09-07T19:27:42.002Z [my-bank-api] error: Registro não encontrado.
2022-09-07T19:29:31.028Z [my-bank-api] info: API rodando na porta 3000
2022-09-07T19:29:33.976Z [my-bank-api] error: Registro não encontrado.
2022-09-07T19:30:04.146Z [my-bank-api] info: API rodando na porta 3000
2022-09-07T19:30:17.831Z [my-bank-api] info: API rodando na porta 3000
2022-09-07T19:30:20.624Z [my-bank-api] error: Registro não encontrado.
2022-09-07T19:30:57.433Z [my-bank-api] info: API rodando na porta 3000
2022-09-07T19:31:11.539Z [my-bank-api] info: API rodando na porta 3000
2022-09-07T19:31:15.435Z [my-bank-api] error: Registro não encontrado.
2022-09-07T19:32:47.079Z [my-bank-api] info: API rodando na porta 3000
2022-09-07T19:32:49.971Z [my-bank-api] info: PATCH / account/updateBalance - {"id":8,"balance":8000}
2022-09-07T19:33:14.282Z [my-bank-api] info: GET / account
2022-09-07T19:33:42.281Z [my-bank-api] info: GET / account
2022-09-07T19:33:48.177Z [my-bank-api] info: GET / account/:id
2022-09-07T19:34:07.891Z [my-bank-api] info: POST / account - {"id":20,"name":"Minervina","balance":8000}
2022-09-07T19:34:14.382Z [my-bank-api] info: GET / account
2022-09-07T19:35:54.801Z [my-bank-api] info: PUT / account - {"id":2,"name":"Minervina S","balance":9000}
2022-09-07T19:36:18.054Z [my-bank-api] info: PATCH / account/updateBalance - {"id":2,"balance":90000}
2022-09-07T19:36:29.334Z [my-bank-api] error: Cannot set properties of undefined (setting 'balance')
2022-09-07T19:36:39.247Z [my-bank-api] info: GET / account/:id
2022-09-07T19:36:44.165Z [my-bank-api] info: GET / account
